#
# A fatal error has been detected by the Java Runtime Environment:
#
#  SIGSEGV (0xb) at pc=0x00007fff9ac374dd, pid=3213, tid=0x0000000000000a0b
#
# JRE version: Java(TM) SE Runtime Environment (8.0_162-b12) (build 1.8.0_162-b12)
# Java VM: Java HotSpot(TM) 64-Bit Server VM (25.162-b12 mixed mode bsd-amd64 compressed oops)
# Problematic frame:
# C  [libobjc.A.dylib+0x14dd]  objc_msgSend+0x1d
#
# Failed to write core dump. Core dumps have been disabled. To enable core dumping, try "ulimit -c unlimited" before starting Java again
#
# If you would like to submit a bug report, please visit:
#   http://bugreport.java.com/bugreport/crash.jsp
# The crash happened outside the Java Virtual Machine in native code.
# See problematic frame for where to report the bug.
#

---------------  T H R E A D  ---------------

Current thread (0x00007f8f9910f000):  JavaThread "AppKit Thread" daemon [_thread_in_native, id=2571, stack(0x00007fff5bd59000,0x00007fff5c559000)]

siginfo: si_signo: 11 (SIGSEGV), si_code: 1 (SEGV_MAPERR), si_addr: 0x000007f8f9d30e40

Registers:
RAX=0x00007f8f98e337e0, RBX=0x00007fff5c553b08, RCX=0x00007f8f9b6973f8, RDX=0x00007f8f9d275db0
RSP=0x00007fff5c553ac8, RBP=0x00007fff5c553ad0, RSI=0x00007fff9a9d484a, RDI=0x00007f8f98e337e0
R8 =0x000000000000003f, R9 =0x00007f8f9b6b7020, R10=0x00007fff9a9d484a, R11=0x000007f8f9d30e28
R12=0x00007f8f9d275db0, R13=0x00007f8f9b6b7020, R14=0x00007f8f9b6973f0, R15=0x0000000000000000
RIP=0x00007fff9ac374dd, EFLAGS=0x0000000000010206, ERR=0x0000000000000004
  TRAPNO=0x000000000000000e

Top of Stack: (sp=0x00007fff5c553ac8)
0x00007fff5c553ac8:   00007fff92cc9bbc 00007fff5c553af0
0x00007fff5c553ad8:   00007fff92cc9b4f 0000000000000000
0x00007fff5c553ae8:   0000000000000000 00007fff5c553b60
0x00007fff5c553af8:   00007fff92cc9ac7 00007fff5c553b30
0x00007fff5c553b08:   00007fff7fa640a0 0000000042000000
0x00007fff5c553b18:   00007fff92cc9b10 00007fff7d11f720
0x00007fff5c553b28:   00007f8f9b6b7020 00007f8f9d275db0
0x00007fff5c553b38:   00007fff5c554308 00007fff7d24c780
0x00007fff5c553b48:   00007fff5c554308 00007f8f9b6b7020
0x00007fff5c553b58:   00007fff930899e2 00007fff5c553ba0
0x00007fff5c553b68:   00007fff92cc9832 00007fff5c554180
0x00007fff5c553b78:   0000000000000001 00007fff7d24c780
0x00007fff5c553b88:   00007fff5c554308 00007fff9ac374c0
0x00007fff5c553b98:   00007fff930899e2 00007fff5c5542b0
0x00007fff5c553ba8:   00007fff92c865e2 00007f8f98c3fc30
0x00007fff5c553bb8:   ffff8070673c03d0 00007fff7e5b7d00
0x00007fff5c553bc8:   00007f8f98f18c10 00007f8f9a8000b8
0x00007fff5c553bd8:   00007f8f98f70400 0000000000000000
0x00007fff5c553be8:   0000000000000000 0000000000000000
0x00007fff5c553bf8:   00007f8f98f72990 00007fff7d15cbc0
0x00007fff5c553c08:   00007fff5c554180 0000000000000002
0x00007fff5c553c18:   0000000000000100 00007fff5c553c00
0x00007fff5c553c28:   00007fff5c554080 0000000000000000
0x00007fff5c553c38:   0000000000000100 00007fff5c553c00
0x00007fff5c553c48:   00007fff7d24c780 0000000000000000
0x00007fff5c553c58:   00007fff7d120500 00007fff7d24c780
0x00007fff5c553c68:   0000000000000000 00007fff7d120500
0x00007fff5c553c78:   00007fff7e5b7d00 00007fff5c553cf0
0x00007fff5c553c88:   00007fff9ac3e2a4 0000000000000000
0x00007fff5c553c98:   00007fff7e5b9590 0000000100000000
0x00007fff5c553ca8:   0000000000000000 ffff8070672c9390
0x00007fff5c553cb8:   00007f8f9aa98350 00007f8f9aa98a00 

Instructions: (pc=0x00007fff9ac374dd)
0x00007fff9ac374bd:   44 00 00 48 85 ff 2e 74 62 40 f6 c7 01 2e 75 66
0x00007fff9ac374cd:   49 bb f8 ff ff ff ff 7f 00 00 4c 23 1f 49 89 f2
0x00007fff9ac374dd:   45 23 53 18 49 c1 e2 04 4d 03 53 10 49 3b 32 75
0x00007fff9ac374ed:   04 41 ff 62 08 49 83 3a 01 76 0d 49 83 c2 10 49 

Register to memory mapping:

RAX=0x00007f8f98e337e0 is an unknown value
RBX=0x00007fff5c553b08 is pointing into the stack for thread: 0x00007f8f9910f000
RCX=0x00007f8f9b6973f8 is an unknown value
RDX=0x00007f8f9d275db0 is an unknown value
RSP=0x00007fff5c553ac8 is pointing into the stack for thread: 0x00007f8f9910f000
RBP=0x00007fff5c553ad0 is pointing into the stack for thread: 0x00007f8f9910f000
RSI=0x00007fff9a9d484a: -[NSTitlebarContainerView transparent]+0x63088 in /System/Library/Frameworks/AppKit.framework/Versions/C/AppKit at 0x00007fff99f47000
RDI=0x00007f8f98e337e0 is an unknown value
R8 =0x000000000000003f is an unknown value
R9 =0x00007f8f9b6b7020 is an unknown value
R10=0x00007fff9a9d484a: -[NSTitlebarContainerView transparent]+0x63088 in /System/Library/Frameworks/AppKit.framework/Versions/C/AppKit at 0x00007fff99f47000
R11=0x000007f8f9d30e28 is an unknown value
R12=0x00007f8f9d275db0 is an unknown value
R13=0x00007f8f9b6b7020 is an unknown value
R14=0x00007f8f9b6973f0 is an unknown value
R15=0x0000000000000000 is an unknown value


Stack: [0x00007fff5bd59000,0x00007fff5c559000],  sp=0x00007fff5c553ac8,  free space=8170k
Native frames: (J=compiled Java code, j=interpreted, Vv=VM code, C=native code)
C  [libobjc.A.dylib+0x14dd]  objc_msgSend+0x1d
C  [CoreFoundation+0xa0b4f]  ___CFXRegistrationPost_block_invoke+0x3f
C  [CoreFoundation+0xa0ac7]  _CFXRegistrationPost+0x197
C  [CoreFoundation+0xa0832]  ___CFXNotificationPost_block_invoke+0x32
C  [CoreFoundation+0x5d5e2]  -[_CFXNotificationRegistrar find:object:observer:enumerator:]+0x782
C  [CoreFoundation+0x5c835]  _CFXNotificationPost+0x2b5
C  [Foundation+0x717a]  -[NSNotificationCenter postNotificationName:object:userInfo:]+0x42
C  [AppKit+0x26526e]  -[NSSurface _disposeSurface]+0xa9
C  [AppKit+0x264cc7]  -[NSSurface setWindow:]+0x42
C  [AppKit+0x28ba7]  -[NSView _setWindow:]+0x9be
C  [AppKit+0x2b993]  -[NSView removeFromSuperview]+0x1d7
C  [AppKit+0x155c7b]  -[NSView removeFromSuperviewWithoutNeedingDisplay]+0x26
C  [liblwjgl.dylib+0xa205]  +[MacOSXKeyableWindow destroyWindow]+0xb5
C  [Foundation+0x76fde]  __NSThreadPerformPerform+0x117
C  [CoreFoundation+0xaa881]  __CFRUNLOOP_IS_CALLING_OUT_TO_A_SOURCE0_PERFORM_FUNCTION__+0x11
C  [CoreFoundation+0x89fbc]  __CFRunLoopDoSources0+0x22c
C  [CoreFoundation+0x894df]  __CFRunLoopRun+0x39f
C  [CoreFoundation+0x88ed8]  CFRunLoopRunSpecific+0x128
C  [HIToolbox+0x30935]  RunCurrentEventLoopInMode+0xeb
C  [HIToolbox+0x3076f]  ReceiveNextEventCommon+0x1b0
C  [HIToolbox+0x305af]  _BlockUntilNextEventMatchingListInModeWithFilter+0x47
C  [AppKit+0x48df6]  _DPSNextEvent+0x42b
C  [AppKit+0x48226]  -[NSApplication _nextEventMatchingEventMask:untilDate:inMode:dequeue:]+0x1c6
C  [libosxapp.dylib+0x2328]  -[NSApplicationAWT nextEventMatchingMask:untilDate:inMode:dequeue:]+0x7c
C  [AppKit+0x3cd80]  -[NSApplication run]+0x2aa
C  [libosxapp.dylib+0x1f72]  +[NSApplicationAWT runAWTLoopWithApp:]+0x9c
C  [libawt_lwawt.dylib+0x4711f]  -[AWTStarter starter:]+0x389
C  [Foundation+0x76fde]  __NSThreadPerformPerform+0x117
C  [CoreFoundation+0xaa881]  __CFRUNLOOP_IS_CALLING_OUT_TO_A_SOURCE0_PERFORM_FUNCTION__+0x11
C  [CoreFoundation+0x89fbc]  __CFRunLoopDoSources0+0x22c
C  [CoreFoundation+0x894df]  __CFRunLoopRun+0x39f
C  [CoreFoundation+0x88ed8]  CFRunLoopRunSpecific+0x128
C  [java+0x6472]  CreateExecutionEnvironment+0x367
C  [java+0x207c]  JLI_Launch+0x7a0
C  [java+0x84cf]  main+0x65
C  [java+0x18d4]  start+0x34
C  0x0000000000000006


---------------  P R O C E S S  ---------------

Java Threads: ( => current thread )
  0x00007f8f9ab05000 JavaThread "AWT-Shutdown" [_thread_blocked, id=35431, stack(0x0000700000fc7000,0x00007000010c7000)]
  0x00007f8f99000000 JavaThread "Java2D Disposer" daemon [_thread_blocked, id=57107, stack(0x000070000145c000,0x000070000155c000)]
  0x00007f8f999d8000 JavaThread "Java2D Queue Flusher" daemon [_thread_blocked, id=56335, stack(0x0000700001359000,0x0000700001459000)]
=>0x00007f8f9910f000 JavaThread "AppKit Thread" daemon [_thread_in_native, id=2571, stack(0x00007fff5bd59000,0x00007fff5c559000)]
  0x00007f8f9a841800 JavaThread "Service Thread" daemon [_thread_blocked, id=18435, stack(0x0000700000dc1000,0x0000700000ec1000)]
  0x00007f8f9980e800 JavaThread "C1 CompilerThread2" daemon [_thread_blocked, id=17923, stack(0x0000700000cbe000,0x0000700000dbe000)]
  0x00007f8f9a830800 JavaThread "C2 CompilerThread1" daemon [_thread_blocked, id=17411, stack(0x0000700000bbb000,0x0000700000cbb000)]
  0x00007f8f9a036000 JavaThread "C2 CompilerThread0" daemon [_thread_blocked, id=16899, stack(0x0000700000ab8000,0x0000700000bb8000)]
  0x00007f8f9a02a800 JavaThread "Signal Dispatcher" daemon [_thread_blocked, id=14099, stack(0x00007000009b5000,0x0000700000ab5000)]
  0x00007f8f9a808800 JavaThread "Finalizer" daemon [_thread_blocked, id=12291, stack(0x000070000082f000,0x000070000092f000)]
  0x00007f8f9901e800 JavaThread "Reference Handler" daemon [_thread_blocked, id=11779, stack(0x000070000072c000,0x000070000082c000)]
  0x00007f8f9a001800 JavaThread "main" [_thread_in_native, id=5891, stack(0x000070000011a000,0x000070000021a000)]

Other Threads:
  0x00007f8f9901a000 VMThread [stack: 0x0000700000629000,0x0000700000729000] [id=11267]
  0x00007f8f9a811800 WatcherThread [stack: 0x0000700000ec4000,0x0000700000fc4000] [id=18947]

VM state:not at safepoint (normal execution)

VM Mutex/Monitor currently owned by a thread: None

Heap:
 PSYoungGen      total 71680K, used 61963K [0x0000000795580000, 0x000000079a080000, 0x00000007c0000000)
  eden space 66560K, 86% used [0x0000000795580000,0x0000000798de8d78,0x0000000799680000)
  from space 5120K, 82% used [0x0000000799b80000,0x0000000799f9a188,0x000000079a080000)
  to   space 5120K, 0% used [0x0000000799680000,0x0000000799680000,0x0000000799b80000)
 ParOldGen       total 87552K, used 13538K [0x0000000740000000, 0x0000000745580000, 0x0000000795580000)
  object space 87552K, 15% used [0x0000000740000000,0x0000000740d388a8,0x0000000745580000)
 Metaspace       used 11105K, capacity 11255K, committed 11520K, reserved 1058816K
  class space    used 1139K, capacity 1184K, committed 1280K, reserved 1048576K

Card table byte_map: [0x00000001145c0000,0x00000001149c1000] byte_map_base: 0x0000000110bc0000

Marking Bits: (ParMarkBitMap*) 0x000000010421a6c0
 Begin Bits: [0x0000000114c6c000, 0x0000000116c6c000)
 End Bits:   [0x0000000116c6c000, 0x0000000118c6c000)

Polling page: 0x0000000104919000

CodeCache: size=245760Kb used=5268Kb max_used=5268Kb free=240491Kb
 bounds [0x0000000105200000, 0x0000000105730000, 0x0000000114200000]
 total_blobs=1914 nmethods=1392 adapters=436
 compilation: enabled

Compilation events (10 events):
Event: 37.843 Thread 0x00007f8f9980e800 1388       3       java.nio.Bits::int3 (6 bytes)
Event: 37.843 Thread 0x00007f8f9980e800 nmethod 1388 0x000000010570a5d0 code [0x000000010570a720, 0x000000010570a870]
Event: 37.844 Thread 0x00007f8f9980e800 1392       3       java.nio.Bits::putIntB (43 bytes)
Event: 37.844 Thread 0x00007f8f9980e800 nmethod 1392 0x0000000105709c10 code [0x0000000105709dc0, 0x000000010570a3b8]
Event: 37.844 Thread 0x00007f8f9980e800 1389       3       java.nio.Bits::int2 (6 bytes)
Event: 37.845 Thread 0x00007f8f9980e800 nmethod 1389 0x0000000105709910 code [0x0000000105709a60, 0x0000000105709bb0]
Event: 37.845 Thread 0x00007f8f9980e800 1390       3       java.nio.Bits::int1 (6 bytes)
Event: 37.845 Thread 0x00007f8f9980e800 nmethod 1390 0x000000010570e890 code [0x000000010570e9e0, 0x000000010570eb30]
Event: 37.845 Thread 0x00007f8f9980e800 1391       3       java.nio.Bits::int0 (3 bytes)
Event: 37.845 Thread 0x00007f8f9980e800 nmethod 1391 0x000000010570e590 code [0x000000010570e6e0, 0x000000010570e810]

GC Heap History (8 events):
Event: 4.306 GC heap before
{Heap before GC invocations=1 (full 0):
 PSYoungGen      total 38400K, used 33280K [0x0000000795580000, 0x0000000798000000, 0x00000007c0000000)
  eden space 33280K, 100% used [0x0000000795580000,0x0000000797600000,0x0000000797600000)
  from space 5120K, 0% used [0x0000000797b00000,0x0000000797b00000,0x0000000798000000)
  to   space 5120K, 0% used [0x0000000797600000,0x0000000797600000,0x0000000797b00000)
 ParOldGen       total 87552K, used 0K [0x0000000740000000, 0x0000000745580000, 0x0000000795580000)
  object space 87552K, 0% used [0x0000000740000000,0x0000000740000000,0x0000000745580000)
 Metaspace       used 9405K, capacity 9587K, committed 9856K, reserved 1058816K
  class space    used 989K, capacity 1056K, committed 1152K, reserved 1048576K
Event: 4.329 GC heap after
Heap after GC invocations=1 (full 0):
 PSYoungGen      total 38400K, used 5096K [0x0000000795580000, 0x0000000798000000, 0x00000007c0000000)
  eden space 33280K, 0% used [0x0000000795580000,0x0000000795580000,0x0000000797600000)
  from space 5120K, 99% used [0x0000000797600000,0x0000000797afa178,0x0000000797b00000)
  to   space 5120K, 0% used [0x0000000797b00000,0x0000000797b00000,0x0000000798000000)
 ParOldGen       total 87552K, used 6994K [0x0000000740000000, 0x0000000745580000, 0x0000000795580000)
  object space 87552K, 7% used [0x0000000740000000,0x00000007406d4800,0x0000000745580000)
 Metaspace       used 9405K, capacity 9587K, committed 9856K, reserved 1058816K
  class space    used 989K, capacity 1056K, committed 1152K, reserved 1048576K
}
Event: 5.755 GC heap before
{Heap before GC invocations=2 (full 0):
 PSYoungGen      total 38400K, used 38376K [0x0000000795580000, 0x0000000798000000, 0x00000007c0000000)
  eden space 33280K, 100% used [0x0000000795580000,0x0000000797600000,0x0000000797600000)
  from space 5120K, 99% used [0x0000000797600000,0x0000000797afa178,0x0000000797b00000)
  to   space 5120K, 0% used [0x0000000797b00000,0x0000000797b00000,0x0000000798000000)
 ParOldGen       total 87552K, used 6994K [0x0000000740000000, 0x0000000745580000, 0x0000000795580000)
  object space 87552K, 7% used [0x0000000740000000,0x00000007406d4800,0x0000000745580000)
 Metaspace       used 10892K, capacity 11059K, committed 11264K, reserved 1058816K
  class space    used 1137K, capacity 1184K, committed 1280K, reserved 1048576K
Event: 5.762 GC heap after
Heap after GC invocations=2 (full 0):
 PSYoungGen      total 38400K, used 5110K [0x0000000795580000, 0x0000000798000000, 0x00000007c0000000)
  eden space 33280K, 0% used [0x0000000795580000,0x0000000795580000,0x0000000797600000)
  from space 5120K, 99% used [0x0000000797b00000,0x0000000797ffd8a8,0x0000000798000000)
  to   space 5120K, 0% used [0x0000000797600000,0x0000000797600000,0x0000000797b00000)
 ParOldGen       total 87552K, used 8378K [0x0000000740000000, 0x0000000745580000, 0x0000000795580000)
  object space 87552K, 9% used [0x0000000740000000,0x000000074082e858,0x0000000745580000)
 Metaspace       used 10892K, capacity 11059K, committed 11264K, reserved 1058816K
  class space    used 1137K, capacity 1184K, committed 1280K, reserved 1048576K
}
Event: 5.877 GC heap before
{Heap before GC invocations=3 (full 0):
 PSYoungGen      total 38400K, used 38390K [0x0000000795580000, 0x0000000798000000, 0x00000007c0000000)
  eden space 33280K, 100% used [0x0000000795580000,0x0000000797600000,0x0000000797600000)
  from space 5120K, 99% used [0x0000000797b00000,0x0000000797ffd8a8,0x0000000798000000)
  to   space 5120K, 0% used [0x0000000797600000,0x0000000797600000,0x0000000797b00000)
 ParOldGen       total 87552K, used 8378K [0x0000000740000000, 0x0000000745580000, 0x0000000795580000)
  object space 87552K, 9% used [0x0000000740000000,0x000000074082e858,0x0000000745580000)
 Metaspace       used 10908K, capacity 11063K, committed 11264K, reserved 1058816K
  class space    used 1137K, capacity 1184K, committed 1280K, reserved 1048576K
Event: 5.880 GC heap after
Heap after GC invocations=3 (full 0):
 PSYoungGen      total 38400K, used 5094K [0x0000000795580000, 0x000000079a080000, 0x00000007c0000000)
  eden space 33280K, 0% used [0x0000000795580000,0x0000000795580000,0x0000000797600000)
  from space 5120K, 99% used [0x0000000797600000,0x0000000797af9898,0x0000000797b00000)
  to   space 5120K, 0% used [0x0000000799b80000,0x0000000799b80000,0x000000079a080000)
 ParOldGen       total 87552K, used 8410K [0x0000000740000000, 0x0000000745580000, 0x0000000795580000)
  object space 87552K, 9% used [0x0000000740000000,0x0000000740836858,0x0000000745580000)
 Metaspace       used 10908K, capacity 11063K, committed 11264K, reserved 1058816K
  class space    used 1137K, capacity 1184K, committed 1280K, reserved 1048576K
}
Event: 5.968 GC heap before
{Heap before GC invocations=4 (full 0):
 PSYoungGen      total 38400K, used 38374K [0x0000000795580000, 0x000000079a080000, 0x00000007c0000000)
  eden space 33280K, 100% used [0x0000000795580000,0x0000000797600000,0x0000000797600000)
  from space 5120K, 99% used [0x0000000797600000,0x0000000797af9898,0x0000000797b00000)
  to   space 5120K, 0% used [0x0000000799b80000,0x0000000799b80000,0x000000079a080000)
 ParOldGen       total 87552K, used 8410K [0x0000000740000000, 0x0000000745580000, 0x0000000795580000)
  object space 87552K, 9% used [0x0000000740000000,0x0000000740836858,0x0000000745580000)
 Metaspace       used 10908K, capacity 11063K, committed 11264K, reserved 1058816K
  class space    used 1137K, capacity 1184K, committed 1280K, reserved 1048576K
Event: 5.976 GC heap after
Heap after GC invocations=4 (full 0):
 PSYoungGen      total 71680K, used 4200K [0x0000000795580000, 0x000000079a080000, 0x00000007c0000000)
  eden space 66560K, 0% used [0x0000000795580000,0x0000000795580000,0x0000000799680000)
  from space 5120K, 82% used [0x0000000799b80000,0x0000000799f9a188,0x000000079a080000)
  to   space 5120K, 0% used [0x0000000799680000,0x0000000799680000,0x0000000799b80000)
 ParOldGen       total 87552K, used 13538K [0x0000000740000000, 0x0000000745580000, 0x0000000795580000)
  object space 87552K, 15% used [0x0000000740000000,0x0000000740d388a8,0x0000000745580000)
 Metaspace       used 10908K, capacity 11063K, committed 11264K, reserved 1058816K
  class space    used 1137K, capacity 1184K, committed 1280K, reserved 1048576K
}

Deoptimization events (10 events):
Event: 4.153 Thread 0x00007f8f9a001800 Uncommon trap: reason=bimorphic action=maybe_recompile pc=0x000000010544b804 method=java.util.HashMap.putVal(ILjava/lang/Object;Ljava/lang/Object;ZZ)Ljava/lang/Object; @ 91
Event: 4.156 Thread 0x00007f8f9a001800 Uncommon trap: reason=bimorphic action=maybe_recompile pc=0x000000010544b804 method=java.util.HashMap.putVal(ILjava/lang/Object;Ljava/lang/Object;ZZ)Ljava/lang/Object; @ 91
Event: 4.158 Thread 0x00007f8f9a001800 Uncommon trap: reason=bimorphic action=maybe_recompile pc=0x000000010544b804 method=java.util.HashMap.putVal(ILjava/lang/Object;Ljava/lang/Object;ZZ)Ljava/lang/Object; @ 91
Event: 5.549 Thread 0x00007f8f9a001800 Uncommon trap: reason=bimorphic action=maybe_recompile pc=0x000000010544b804 method=java.util.HashMap.putVal(ILjava/lang/Object;Ljava/lang/Object;ZZ)Ljava/lang/Object; @ 91
Event: 18.418 Thread 0x00007f8f9a001800 Uncommon trap: reason=unstable_if action=reinterpret pc=0x00000001056f70c0 method=aemora.Player.update(Lorg/newdawn/slick/GameContainer;Lorg/newdawn/slick/state/StateBasedGame;ILaemora/GamePlayState;)V @ 435
Event: 21.520 Thread 0x00007f8f9a001800 Uncommon trap: reason=unstable_if action=reinterpret pc=0x00000001056e8b4c method=aemora.Camera.translate(Lorg/newdawn/slick/Graphics;Laemora/Player;)V @ 12
Event: 36.982 Thread 0x00007f8f9a001800 Uncommon trap: reason=unstable_if action=reinterpret pc=0x00000001056e4ab8 method=org.lwjgl.input.Mouse.next()Z @ 28
Event: 37.000 Thread 0x00007f8f9a001800 Uncommon trap: reason=unstable_if action=reinterpret pc=0x00000001056c510c method=org.lwjgl.input.Mouse.next()Z @ 28
Event: 37.482 Thread 0x00007f8f9a001800 Uncommon trap: reason=unstable_if action=reinterpret pc=0x00000001056db800 method=org.lwjgl.opengl.MacOSXDisplay.update()V @ 86
Event: 38.101 Thread 0x00007f8f9a001800 Uncommon trap: reason=unstable_if action=reinterpret pc=0x00000001056d0b60 method=org.newdawn.slick.AppGameContainer.gameLoop()V @ 60

Classes redefined (0 events):
No events

Internal exceptions (10 events):
Event: 0.044 Thread 0x00007f8f9a001800 Exception <a 'java/lang/NoSuchMethodError': Method sun.misc.Unsafe.defineClass(Ljava/lang/String;[BII)Ljava/lang/Class; name or signature does not match> (0x0000000795587ca0) thrown at [/Users/java_re/workspace/8-2-build-macosx-x86_64/jdk8u162/10278/hotsp
Event: 0.044 Thread 0x00007f8f9a001800 Exception <a 'java/lang/NoSuchMethodError': Method sun.misc.Unsafe.prefetchRead(Ljava/lang/Object;J)V name or signature does not match> (0x0000000795587f88) thrown at [/Users/java_re/workspace/8-2-build-macosx-x86_64/jdk8u162/10278/hotspot/src/share/vm/pr
Event: 0.233 Thread 0x00007f8f9a001800 Exception <a 'java/security/PrivilegedActionException'> (0x000000079581af60) thrown at [/Users/java_re/workspace/8-2-build-macosx-x86_64/jdk8u162/10278/hotspot/src/share/vm/prims/jvm.cpp, line 1390]
Event: 0.233 Thread 0x00007f8f9a001800 Exception <a 'java/security/PrivilegedActionException'> (0x000000079581b170) thrown at [/Users/java_re/workspace/8-2-build-macosx-x86_64/jdk8u162/10278/hotspot/src/share/vm/prims/jvm.cpp, line 1390]
Event: 0.234 Thread 0x00007f8f9a001800 Exception <a 'java/security/PrivilegedActionException'> (0x000000079581e688) thrown at [/Users/java_re/workspace/8-2-build-macosx-x86_64/jdk8u162/10278/hotspot/src/share/vm/prims/jvm.cpp, line 1390]
Event: 0.234 Thread 0x00007f8f9a001800 Exception <a 'java/security/PrivilegedActionException'> (0x000000079581e898) thrown at [/Users/java_re/workspace/8-2-build-macosx-x86_64/jdk8u162/10278/hotspot/src/share/vm/prims/jvm.cpp, line 1390]
Event: 0.297 Thread 0x00007f8f9a001800 Exception <a 'java/lang/NoSuchFieldError': method resolution failed> (0x00000007958eebe8) thrown at [/Users/java_re/workspace/8-2-build-macosx-x86_64/jdk8u162/10278/hotspot/src/share/vm/prims/methodHandles.cpp, line 1167]
Event: 0.300 Thread 0x00007f8f9a001800 Exception <a 'java/lang/NoSuchFieldError': method resolution failed> (0x00000007958fc338) thrown at [/Users/java_re/workspace/8-2-build-macosx-x86_64/jdk8u162/10278/hotspot/src/share/vm/prims/methodHandles.cpp, line 1167]
Event: 0.505 Thread 0x00007f8f9a001800 Exception <a 'java/io/FileNotFoundException'> (0x0000000795976d18) thrown at [/Users/java_re/workspace/8-2-build-macosx-x86_64/jdk8u162/10278/hotspot/src/share/vm/prims/jni.cpp, line 709]
Event: 0.505 Thread 0x00007f8f9a001800 Exception <a 'java/io/FileNotFoundException'> (0x0000000795977880) thrown at [/Users/java_re/workspace/8-2-build-macosx-x86_64/jdk8u162/10278/hotspot/src/share/vm/prims/jni.cpp, line 709]

Events (10 events):
Event: 37.000 Thread 0x00007f8f9a001800 DEOPT PACKING pc=0x00000001056c510c sp=0x0000700000219710
Event: 37.000 Thread 0x00007f8f9a001800 DEOPT UNPACKING pc=0x000000010524573a sp=0x0000700000219698 mode 2
Event: 37.482 Thread 0x00007f8f9a001800 Uncommon trap: trap_request=0xffffff65 fr.pc=0x00000001056db800
Event: 37.482 Thread 0x00007f8f9a001800 DEOPT PACKING pc=0x00000001056db800 sp=0x00007000002197e0
Event: 37.483 Thread 0x00007f8f9a001800 DEOPT UNPACKING pc=0x000000010524573a sp=0x00007000002196c8 mode 2
Event: 38.101 Thread 0x00007f8f9a001800 Uncommon trap: trap_request=0xffffff65 fr.pc=0x00000001056d0b60
Event: 38.101 Thread 0x00007f8f9a001800 DEOPT PACKING pc=0x00000001056d0b60 sp=0x0000700000219840
Event: 38.101 Thread 0x00007f8f9a001800 DEOPT UNPACKING pc=0x000000010524573a sp=0x0000700000219808 mode 2
Event: 38.112 loading class org/lwjgl/opengl/CallbackUtil
Event: 38.112 loading class org/lwjgl/opengl/CallbackUtil done


Dynamic libraries:
0x000000000b7de000 	/System/Library/Frameworks/Cocoa.framework/Versions/A/Cocoa
0x000000000b7de000 	/System/Library/Frameworks/Security.framework/Versions/A/Security
0x000000000b7de000 	/System/Library/Frameworks/ApplicationServices.framework/Versions/A/ApplicationServices
0x000000000b7de000 	/usr/lib/libz.1.dylib
0x000000000b7de000 	/usr/lib/libSystem.B.dylib
0x000000000b7de000 	/usr/lib/libobjc.A.dylib
0x000000000b7de000 	/System/Library/Frameworks/CoreFoundation.framework/Versions/A/CoreFoundation
0x000000000b7de000 	/System/Library/Frameworks/Foundation.framework/Versions/C/Foundation
0x000000000b7de000 	/System/Library/Frameworks/AppKit.framework/Versions/C/AppKit
0x000000000b7de000 	/System/Library/Frameworks/CoreData.framework/Versions/A/CoreData
0x000000000b7de000 	/System/Library/PrivateFrameworks/RemoteViewServices.framework/Versions/A/RemoteViewServices
0x000000000b7de000 	/System/Library/PrivateFrameworks/UIFoundation.framework/Versions/A/UIFoundation
0x000000000b7de000 	/usr/lib/libScreenReader.dylib
0x000000000b7de000 	/System/Library/Frameworks/Accelerate.framework/Versions/A/Accelerate
0x000000000b7de000 	/System/Library/Frameworks/IOSurface.framework/Versions/A/IOSurface
0x000000000b7de000 	/System/Library/Frameworks/AudioToolbox.framework/Versions/A/AudioToolbox
0x000000000b7de000 	/System/Library/Frameworks/AudioUnit.framework/Versions/A/AudioUnit
0x000000000b7de000 	/System/Library/PrivateFrameworks/DataDetectorsCore.framework/Versions/A/DataDetectorsCore
0x000000000b7de000 	/System/Library/PrivateFrameworks/DesktopServicesPriv.framework/Versions/A/DesktopServicesPriv
0x000000000b7de000 	/System/Library/Frameworks/Carbon.framework/Versions/A/Frameworks/HIToolbox.framework/Versions/A/HIToolbox
0x000000000b7de000 	/System/Library/Frameworks/QuartzCore.framework/Versions/A/QuartzCore
0x000000000b7de000 	/System/Library/Frameworks/Carbon.framework/Versions/A/Frameworks/SpeechRecognition.framework/Versions/A/SpeechRecognition
0x000000000b7de000 	/usr/lib/libauto.dylib
0x000000000b7de000 	/usr/lib/libicucore.A.dylib
0x000000000b7de000 	/usr/lib/libxml2.2.dylib
0x000000000b7de000 	/System/Library/PrivateFrameworks/CoreUI.framework/Versions/A/CoreUI
0x000000000b7de000 	/System/Library/Frameworks/CoreAudio.framework/Versions/A/CoreAudio
0x000000000b7de000 	/System/Library/Frameworks/DiskArbitration.framework/Versions/A/DiskArbitration
0x000000000b7de000 	/usr/lib/liblangid.dylib
0x000000000b7de000 	/System/Library/PrivateFrameworks/MultitouchSupport.framework/Versions/A/MultitouchSupport
0x000000000b7de000 	/System/Library/Frameworks/IOKit.framework/Versions/A/IOKit
0x000000000b7de000 	/usr/lib/libDiagnosticMessagesClient.dylib
0x000000000b7de000 	/System/Library/Frameworks/CoreServices.framework/Versions/A/CoreServices
0x000000000b7de000 	/System/Library/PrivateFrameworks/PerformanceAnalysis.framework/Versions/A/PerformanceAnalysis
0x000000000b7de000 	/System/Library/PrivateFrameworks/GenerationalStorage.framework/Versions/A/GenerationalStorage
0x000000000b7de000 	/System/Library/Frameworks/OpenGL.framework/Versions/A/OpenGL
0x000000000b7de000 	/System/Library/PrivateFrameworks/Sharing.framework/Versions/A/Sharing
0x000000000b7de000 	/System/Library/Frameworks/CoreGraphics.framework/Versions/A/CoreGraphics
0x000000000b7de000 	/System/Library/Frameworks/CoreImage.framework/Versions/A/CoreImage
0x000000000b7de000 	/System/Library/Frameworks/CoreText.framework/Versions/A/CoreText
0x000000000b7de000 	/System/Library/Frameworks/ImageIO.framework/Versions/A/ImageIO
0x000000000b7de000 	/System/Library/PrivateFrameworks/Backup.framework/Versions/A/Backup
0x000000000b7de000 	/usr/lib/libextension.dylib
0x000000000b7de000 	/usr/lib/libarchive.2.dylib
0x000000000b7de000 	/System/Library/Frameworks/CFNetwork.framework/Versions/A/CFNetwork
0x000000000b7de000 	/System/Library/Frameworks/SystemConfiguration.framework/Versions/A/SystemConfiguration
0x000000000b7de000 	/usr/lib/libCRFSuite.dylib
0x000000000b7de000 	/usr/lib/libc++.1.dylib
0x000000000b7de000 	/usr/lib/libc++abi.dylib
0x000000000b7de000 	/usr/lib/system/libcache.dylib
0x000000000b7de000 	/usr/lib/system/libcommonCrypto.dylib
0x000000000b7de000 	/usr/lib/system/libcompiler_rt.dylib
0x000000000b7de000 	/usr/lib/system/libcopyfile.dylib
0x000000000b7de000 	/usr/lib/system/libcorecrypto.dylib
0x000000000b7de000 	/usr/lib/system/libdispatch.dylib
0x000000000b7de000 	/usr/lib/system/libdyld.dylib
0x000000000b7de000 	/usr/lib/system/libkeymgr.dylib
0x000000000b7de000 	/usr/lib/system/liblaunch.dylib
0x000000000b7de000 	/usr/lib/system/libmacho.dylib
0x000000000b7de000 	/usr/lib/system/libquarantine.dylib
0x000000000b7de000 	/usr/lib/system/libremovefile.dylib
0x000000000b7de000 	/usr/lib/system/libsystem_asl.dylib
0x000000000b7de000 	/usr/lib/system/libsystem_blocks.dylib
0x000000000b7de000 	/usr/lib/system/libsystem_c.dylib
0x000000000b7de000 	/usr/lib/system/libsystem_configuration.dylib
0x000000000b7de000 	/usr/lib/system/libsystem_coreservices.dylib
0x000000000b7de000 	/usr/lib/system/libsystem_coretls.dylib
0x000000000b7de000 	/usr/lib/system/libsystem_dnssd.dylib
0x000000000b7de000 	/usr/lib/system/libsystem_info.dylib
0x000000000b7de000 	/usr/lib/system/libsystem_kernel.dylib
0x000000000b7de000 	/usr/lib/system/libsystem_m.dylib
0x000000000b7de000 	/usr/lib/system/libsystem_malloc.dylib
0x000000000b7de000 	/usr/lib/system/libsystem_network.dylib
0x000000000b7de000 	/usr/lib/system/libsystem_networkextension.dylib
0x000000000b7de000 	/usr/lib/system/libsystem_notify.dylib
0x000000000b7de000 	/usr/lib/system/libsystem_platform.dylib
0x000000000b7de000 	/usr/lib/system/libsystem_pthread.dylib
0x000000000b7de000 	/usr/lib/system/libsystem_sandbox.dylib
0x000000000b7de000 	/usr/lib/system/libsystem_secinit.dylib
0x000000000b7de000 	/usr/lib/system/libsystem_trace.dylib
0x000000000b7de000 	/usr/lib/system/libunc.dylib
0x000000000b7de000 	/usr/lib/system/libunwind.dylib
0x000000000b7de000 	/usr/lib/system/libxpc.dylib
0x000000000b7de000 	/usr/lib/libenergytrace.dylib
0x000000000b7de000 	/usr/lib/libbsm.0.dylib
0x000000000b7de000 	/usr/lib/system/libkxld.dylib
0x000000000b7de000 	/usr/lib/libxar.1.dylib
0x000000000b7de000 	/usr/lib/libsqlite3.dylib
0x000000000b7de000 	/usr/lib/libpam.2.dylib
0x000000000b7de000 	/usr/lib/libOpenScriptingUtil.dylib
0x000000000b7de000 	/usr/lib/libbz2.1.0.dylib
0x000000000b7de000 	/usr/lib/liblzma.5.dylib
0x000000000b7de000 	/System/Library/Frameworks/CoreServices.framework/Versions/A/Frameworks/FSEvents.framework/Versions/A/FSEvents
0x000000000b7de000 	/System/Library/Frameworks/CoreServices.framework/Versions/A/Frameworks/CarbonCore.framework/Versions/A/CarbonCore
0x000000000b7de000 	/System/Library/Frameworks/CoreServices.framework/Versions/A/Frameworks/Metadata.framework/Versions/A/Metadata
0x000000000b7de000 	/System/Library/Frameworks/CoreServices.framework/Versions/A/Frameworks/OSServices.framework/Versions/A/OSServices
0x000000000b7de000 	/System/Library/Frameworks/CoreServices.framework/Versions/A/Frameworks/SearchKit.framework/Versions/A/SearchKit
0x000000000b7de000 	/System/Library/Frameworks/CoreServices.framework/Versions/A/Frameworks/AE.framework/Versions/A/AE
0x000000000b7de000 	/System/Library/Frameworks/CoreServices.framework/Versions/A/Frameworks/LaunchServices.framework/Versions/A/LaunchServices
0x000000000b7de000 	/System/Library/Frameworks/CoreServices.framework/Versions/A/Frameworks/DictionaryServices.framework/Versions/A/DictionaryServices
0x000000000b7de000 	/System/Library/Frameworks/CoreServices.framework/Versions/A/Frameworks/SharedFileList.framework/Versions/A/SharedFileList
0x000000000b7de000 	/System/Library/Frameworks/NetFS.framework/Versions/A/NetFS
0x000000000b7de000 	/System/Library/PrivateFrameworks/NetAuth.framework/Versions/A/NetAuth
0x000000000b7de000 	/System/Library/PrivateFrameworks/login.framework/Versions/A/Frameworks/loginsupport.framework/Versions/A/loginsupport
0x000000000b7de000 	/System/Library/PrivateFrameworks/TCC.framework/Versions/A/TCC
0x000000000b7de000 	/usr/lib/libmecabra.dylib
0x000000000b7de000 	/System/Library/Frameworks/ApplicationServices.framework/Versions/A/Frameworks/ATS.framework/Versions/A/ATS
0x000000000b7de000 	/System/Library/Frameworks/ApplicationServices.framework/Versions/A/Frameworks/ColorSync.framework/Versions/A/ColorSync
0x000000000b7de000 	/System/Library/Frameworks/ApplicationServices.framework/Versions/A/Frameworks/HIServices.framework/Versions/A/HIServices
0x000000000b7de000 	/System/Library/Frameworks/ApplicationServices.framework/Versions/A/Frameworks/LangAnalysis.framework/Versions/A/LangAnalysis
0x000000000b7de000 	/System/Library/Frameworks/ApplicationServices.framework/Versions/A/Frameworks/PrintCore.framework/Versions/A/PrintCore
0x000000000b7de000 	/System/Library/Frameworks/ApplicationServices.framework/Versions/A/Frameworks/QD.framework/Versions/A/QD
0x000000000b7de000 	/System/Library/Frameworks/ApplicationServices.framework/Versions/A/Frameworks/SpeechSynthesis.framework/Versions/A/SpeechSynthesis
0x000000000b7de000 	/System/Library/Frameworks/Metal.framework/Versions/A/Metal
0x000000000b7de000 	/System/Library/Frameworks/Accelerate.framework/Versions/A/Frameworks/vImage.framework/Versions/A/vImage
0x000000000b7de000 	/System/Library/Frameworks/Accelerate.framework/Versions/A/Frameworks/vecLib.framework/Versions/A/vecLib
0x000000000b7de000 	/System/Library/Frameworks/Accelerate.framework/Versions/A/Frameworks/vecLib.framework/Versions/A/libvDSP.dylib
0x000000000b7de000 	/System/Library/Frameworks/Accelerate.framework/Versions/A/Frameworks/vecLib.framework/Versions/A/libvMisc.dylib
0x000000000b7de000 	/System/Library/Frameworks/Accelerate.framework/Versions/A/Frameworks/vecLib.framework/Versions/A/libLAPACK.dylib
0x000000000b7de000 	/System/Library/Frameworks/Accelerate.framework/Versions/A/Frameworks/vecLib.framework/Versions/A/libBLAS.dylib
0x000000000b7de000 	/System/Library/Frameworks/Accelerate.framework/Versions/A/Frameworks/vecLib.framework/Versions/A/libLinearAlgebra.dylib
0x000000000b7de000 	/System/Library/Frameworks/Accelerate.framework/Versions/A/Frameworks/vecLib.framework/Versions/A/libSparseBLAS.dylib
0x000000000b7de000 	/System/Library/PrivateFrameworks/GPUCompiler.framework/libmetal_timestamp.dylib
0x000000000b7de000 	/System/Library/Frameworks/OpenGL.framework/Versions/A/Libraries/libCoreFSCache.dylib
0x000000000b7de000 	/System/Library/PrivateFrameworks/IOAccelerator.framework/Versions/A/IOAccelerator
0x000000000b7de000 	/System/Library/Frameworks/ApplicationServices.framework/Versions/A/Frameworks/ATS.framework/Versions/A/Resources/libFontParser.dylib
0x000000000b7de000 	/System/Library/Frameworks/ApplicationServices.framework/Versions/A/Frameworks/ATS.framework/Versions/A/Resources/libFontRegistry.dylib
0x000000000b7de000 	/System/Library/PrivateFrameworks/AppleVPA.framework/Versions/A/AppleVPA
0x000000000b7de000 	/System/Library/PrivateFrameworks/AppleJPEG.framework/Versions/A/AppleJPEG
0x000000000b7de000 	/System/Library/Frameworks/ImageIO.framework/Versions/A/Resources/libJPEG.dylib
0x000000000b7de000 	/System/Library/Frameworks/ImageIO.framework/Versions/A/Resources/libTIFF.dylib
0x000000000b7de000 	/System/Library/Frameworks/ImageIO.framework/Versions/A/Resources/libPng.dylib
0x000000000b7de000 	/System/Library/Frameworks/ImageIO.framework/Versions/A/Resources/libGIF.dylib
0x000000000b7de000 	/System/Library/Frameworks/ImageIO.framework/Versions/A/Resources/libJP2.dylib
0x000000000b7de000 	/System/Library/Frameworks/ImageIO.framework/Versions/A/Resources/libRadiance.dylib
0x000000000b7de000 	/System/Library/Frameworks/CoreVideo.framework/Versions/A/CoreVideo
0x000000000b7de000 	/System/Library/Frameworks/OpenGL.framework/Versions/A/Libraries/libGLU.dylib
0x000000000b7de000 	/System/Library/Frameworks/OpenGL.framework/Versions/A/Libraries/libGFXShared.dylib
0x000000000b7de000 	/System/Library/Frameworks/OpenGL.framework/Versions/A/Libraries/libGL.dylib
0x000000000b7de000 	/System/Library/Frameworks/OpenGL.framework/Versions/A/Libraries/libGLImage.dylib
0x000000000b7de000 	/System/Library/Frameworks/OpenGL.framework/Versions/A/Libraries/libCVMSPluginSupport.dylib
0x000000000b7de000 	/System/Library/Frameworks/OpenGL.framework/Versions/A/Libraries/libCoreVMClient.dylib
0x000000000b7de000 	/usr/lib/libcompression.dylib
0x000000000b7de000 	/usr/lib/libcups.2.dylib
0x000000000b7de000 	/System/Library/Frameworks/Kerberos.framework/Versions/A/Kerberos
0x000000000b7de000 	/System/Library/Frameworks/GSS.framework/Versions/A/GSS
0x000000000b7de000 	/usr/lib/libresolv.9.dylib
0x000000000b7de000 	/usr/lib/libiconv.2.dylib
0x000000000b7de000 	/System/Library/PrivateFrameworks/Heimdal.framework/Versions/A/Heimdal
0x000000000b7de000 	/usr/lib/libheimdal-asn1.dylib
0x000000000b7de000 	/System/Library/Frameworks/OpenDirectory.framework/Versions/A/OpenDirectory
0x000000000b7de000 	/System/Library/PrivateFrameworks/CommonAuth.framework/Versions/A/CommonAuth
0x000000000b7de000 	/System/Library/Frameworks/OpenDirectory.framework/Versions/A/Frameworks/CFOpenDirectory.framework/Versions/A/CFOpenDirectory
0x000000000b7de000 	/System/Library/Frameworks/SecurityFoundation.framework/Versions/A/SecurityFoundation
0x000000000b7de000 	/System/Library/PrivateFrameworks/LanguageModeling.framework/Versions/A/LanguageModeling
0x000000000b7de000 	/usr/lib/libmarisa.dylib
0x000000000b7de000 	/usr/lib/libChineseTokenizer.dylib
0x000000000b7de000 	/usr/lib/libcmph.dylib
0x000000000b7de000 	/System/Library/Frameworks/ServiceManagement.framework/Versions/A/ServiceManagement
0x000000000b7de000 	/usr/lib/libxslt.1.dylib
0x000000000b7de000 	/System/Library/Frameworks/Carbon.framework/Versions/A/Frameworks/Ink.framework/Versions/A/Ink
0x000000000b7de000 	/usr/lib/libFosl_dynamic.dylib
0x000000000b7de000 	/System/Library/PrivateFrameworks/FaceCore.framework/Versions/A/FaceCore
0x000000000b7de000 	/System/Library/Frameworks/OpenCL.framework/Versions/A/OpenCL
0x000000000b7de000 	/System/Library/PrivateFrameworks/CrashReporterSupport.framework/Versions/A/CrashReporterSupport
0x000000000b7de000 	/System/Library/PrivateFrameworks/IconServices.framework/Versions/A/IconServices
0x000000000b7de000 	/System/Library/PrivateFrameworks/Apple80211.framework/Versions/A/Apple80211
0x000000000b7de000 	/System/Library/Frameworks/CoreWLAN.framework/Versions/A/CoreWLAN
0x000000000b7de000 	/System/Library/Frameworks/IOBluetooth.framework/Versions/A/IOBluetooth
0x000000000b7de000 	/System/Library/PrivateFrameworks/CoreWiFi.framework/Versions/A/CoreWiFi
0x000000000b7de000 	/System/Library/Frameworks/CoreBluetooth.framework/Versions/A/CoreBluetooth
0x000000000b7de000 	/System/Library/PrivateFrameworks/ChunkingLibrary.framework/Versions/A/ChunkingLibrary
0x000000000b7de000 	/System/Library/PrivateFrameworks/DebugSymbols.framework/Versions/A/DebugSymbols
0x000000000b7de000 	/System/Library/PrivateFrameworks/CoreSymbolication.framework/Versions/A/CoreSymbolication
0x000000000b7de000 	/System/Library/PrivateFrameworks/Symbolication.framework/Versions/A/Symbolication
0x000000000b7de000 	/System/Library/PrivateFrameworks/SpeechRecognitionCore.framework/Versions/A/SpeechRecognitionCore
0x0000000103923000 	/Library/Java/JavaVirtualMachines/jdk1.8.0_162.jdk/Contents/Home/jre/lib/server/libjvm.dylib
0x000000000b7de000 	/usr/lib/libstdc++.6.dylib
0x00000001048d5000 	/Library/Java/JavaVirtualMachines/jdk1.8.0_162.jdk/Contents/Home/jre/lib/libverify.dylib
0x00000001048e3000 	/Library/Java/JavaVirtualMachines/jdk1.8.0_162.jdk/Contents/Home/jre/lib/libjava.dylib
0x0000000104923000 	/Library/Java/JavaVirtualMachines/jdk1.8.0_162.jdk/Contents/Home/jre/lib/libzip.dylib
0x000000011c488000 	/Library/Java/JavaVirtualMachines/jdk1.8.0_162.jdk/Contents/Home/jre/lib/libawt.dylib
0x000000011c532000 	/Library/Java/JavaVirtualMachines/jdk1.8.0_162.jdk/Contents/Home/jre/lib/./libmlib_image.dylib
0x000000011c5fe000 	/System/Library/Frameworks/JavaVM.framework/Versions/A/Frameworks/JavaNativeFoundation.framework/Versions/A/JavaNativeFoundation
0x000000011c613000 	/System/Library/Frameworks/JavaVM.framework/Versions/A/Frameworks/JavaRuntimeSupport.framework/Versions/A/JavaRuntimeSupport
0x000000011c62e000 	/System/Library/Frameworks/JavaVM.framework/Versions/A/JavaVM
0x000000011c63b000 	/System/Library/PrivateFrameworks/JavaLaunching.framework/Versions/A/JavaLaunching
0x000000000b7de000 	/System/Library/Frameworks/Carbon.framework/Versions/A/Carbon
0x000000000b7de000 	/System/Library/Frameworks/Carbon.framework/Versions/A/Frameworks/CommonPanels.framework/Versions/A/CommonPanels
0x000000000b7de000 	/System/Library/Frameworks/Carbon.framework/Versions/A/Frameworks/Help.framework/Versions/A/Help
0x000000000b7de000 	/System/Library/Frameworks/Carbon.framework/Versions/A/Frameworks/ImageCapture.framework/Versions/A/ImageCapture
0x000000000b7de000 	/System/Library/Frameworks/Carbon.framework/Versions/A/Frameworks/OpenScripting.framework/Versions/A/OpenScripting
0x000000000b7de000 	/System/Library/Frameworks/Carbon.framework/Versions/A/Frameworks/Print.framework/Versions/A/Print
0x000000000b7de000 	/System/Library/Frameworks/Carbon.framework/Versions/A/Frameworks/SecurityHI.framework/Versions/A/SecurityHI
0x000000011c647000 	/Library/Java/JavaVirtualMachines/jdk1.8.0_162.jdk/Contents/Home/jre/lib/libawt_lwawt.dylib
0x000000011c701000 	/Library/Java/JavaVirtualMachines/jdk1.8.0_162.jdk/Contents/Home/jre/lib/./libosxapp.dylib
0x000000000b7de000 	/System/Library/Frameworks/ExceptionHandling.framework/Versions/A/ExceptionHandling
0x000000000b7de000 	/System/Library/PrivateFrameworks/CoreServicesInternal.framework/Versions/A/CoreServicesInternal
0x000000000b7de000 	/System/Library/Frameworks/CoreGraphics.framework/Versions/A/Resources/libRIP.A.dylib
0x000000000b7de000 	/System/Library/Frameworks/Accelerate.framework/Versions/A/Frameworks/vImage.framework/Versions/A/Libraries/libCGInterfaces.dylib
0x000000000b7de000 	/System/Library/Frameworks/CoreGraphics.framework/Versions/A/Resources/libCGXType.A.dylib
0x000000000b7de000 	/System/Library/Frameworks/OpenCL.framework/Versions/A/Libraries/libcldcpuengine.dylib
0x000000000b7de000 	/System/Library/PrivateFrameworks/DiskImages.framework/Versions/A/DiskImages
0x000000000b7de000 	/System/Library/Frameworks/DiscRecording.framework/Versions/A/DiscRecording
0x000000000b7de000 	/usr/lib/libcsfde.dylib
0x000000000b7de000 	/usr/lib/libcurl.4.dylib
0x000000000b7de000 	/System/Library/PrivateFrameworks/MediaKit.framework/Versions/A/MediaKit
0x000000000b7de000 	/System/Library/PrivateFrameworks/ProtectedCloudStorage.framework/Versions/A/ProtectedCloudStorage
0x000000000b7de000 	/usr/lib/libCoreStorage.dylib
0x000000000b7de000 	/System/Library/PrivateFrameworks/EFILogin.framework/Versions/A/EFILogin
0x000000000b7de000 	/usr/lib/libutil.dylib
0x000000000b7de000 	/System/Library/PrivateFrameworks/FindMyDevice.framework/Versions/A/FindMyDevice
0x000000000b7de000 	/System/Library/Frameworks/LDAP.framework/Versions/A/LDAP
0x000000000b7de000 	/usr/lib/libsasl2.2.dylib
0x000000000b7de000 	/System/Library/PrivateFrameworks/CoreDaemon.framework/Versions/B/CoreDaemon
0x000000000b7de000 	/usr/lib/libcrypto.0.9.8.dylib
0x000000000b7de000 	/System/Library/PrivateFrameworks/AppleSRP.framework/Versions/A/AppleSRP
0x000000000b7de000 	/System/Library/PrivateFrameworks/TrustEvaluationAgent.framework/Versions/A/TrustEvaluationAgent
0x000000011e3b2000 	cl_kernels
0x000000000b7de000 	/System/Library/Frameworks/OpenCL.framework/Versions/A/Libraries/ImageFormats/unorm8_bgra.dylib
0x000000000b7de000 	/System/Library/Frameworks/OpenCL.framework/Versions/A/Libraries/ImageFormats/unorm8_rgba.dylib
0x000000000b7de000 	/System/Library/PrivateFrameworks/FamilyControls.framework/Versions/A/FamilyControls
0x000000000b7de000 	/System/Library/PrivateFrameworks/CommerceKit.framework/Versions/A/Frameworks/CommerceCore.framework/Versions/A/CommerceCore
0x000000000b7de000 	/System/Library/PrivateFrameworks/SystemAdministration.framework/Versions/A/SystemAdministration
0x000000000b7de000 	/System/Library/PrivateFrameworks/AppContainer.framework/Versions/A/AppContainer
0x000000000b7de000 	/System/Library/PrivateFrameworks/SecCodeWrapper.framework/Versions/A/SecCodeWrapper
0x000000000b7de000 	/System/Library/Frameworks/DirectoryService.framework/Versions/A/DirectoryService
0x000000000b7de000 	/System/Library/PrivateFrameworks/LoginUIKit.framework/Versions/A/Frameworks/LoginUICore.framework/Versions/A/LoginUICore
0x000000000b7de000 	/usr/lib/libodfde.dylib
0x000000011f4a8000 	/Library/Java/JavaVirtualMachines/jdk1.8.0_162.jdk/Contents/Home/jre/lib/libfontmanager.dylib
0x000000011f50f000 	/Users/syusuf/Desktop/game dev/lwjgl-2.9.3/native/macosx/liblwjgl.dylib
0x000000011d7a7000 	/Library/Java/JavaVirtualMachines/jdk1.8.0_162.jdk/Contents/Home/jre/lib/libjawt.dylib
0x000000000b7de000 	/System/Library/Frameworks/OpenGL.framework/Versions/A/Resources/GLEngine.bundle/GLEngine
0x000000000b7de000 	/System/Library/Frameworks/OpenGL.framework/Versions/A/Libraries/libGLProgrammability.dylib
0x000000011f591000 	/System/Library/Extensions/AppleIntelBDWGraphicsGLDriver.bundle/Contents/MacOS/AppleIntelBDWGraphicsGLDriver
0x000000000b7de000 	/System/Library/PrivateFrameworks/GPUSupport.framework/Versions/A/Libraries/libGPUSupportMercury.dylib
0x000000000b7de000 	/System/Library/Frameworks/OpenGL.framework/Versions/A/Resources/GLRendererFloat.bundle/GLRendererFloat
0x000000011e3a5000 	/Users/syusuf/Desktop/game dev/lwjgl-2.9.3/native/macosx/libjinput-osx.dylib
0x000000012111b000 	/System/Library/Extensions/IOHIDFamily.kext/Contents/PlugIns/IOHIDLib.plugin/Contents/MacOS/IOHIDLib
0x0000000121c25000 	/Library/Java/JavaVirtualMachines/jdk1.8.0_162.jdk/Contents/Home/jre/lib/libnet.dylib
0x0000000121998000 	/Library/Java/JavaVirtualMachines/jdk1.8.0_162.jdk/Contents/Home/jre/lib/libnio.dylib
0x000000000b7de000 	/System/Library/Frameworks/ApplicationServices.framework/Versions/A/Frameworks/ATS.framework/Versions/A/Resources/libTrueTypeScaler.dylib

VM Arguments:
jvm_args: -Djava.library.path=/Users/syusuf/Desktop/game dev/lwjgl-2.9.3/native/macosx -Dfile.encoding=UTF-8 
java_command: aemora.Aemora
java_class_path (initial): /Library/Java/JavaVirtualMachines/jdk1.8.0_162.jdk/Contents/Home/jre/lib/resources.jar:/Library/Java/JavaVirtualMachines/jdk1.8.0_162.jdk/Contents/Home/jre/lib/rt.jar:/Library/Java/JavaVirtualMachines/jdk1.8.0_162.jdk/Contents/Home/jre/lib/jsse.jar:/Library/Java/JavaVirtualMachines/jdk1.8.0_162.jdk/Contents/Home/jre/lib/jce.jar:/Library/Java/JavaVirtualMachines/jdk1.8.0_162.jdk/Contents/Home/jre/lib/charsets.jar:/Library/Java/JavaVirtualMachines/jdk1.8.0_162.jdk/Contents/Home/jre/lib/jfr.jar:/Library/Java/JavaVirtualMachines/jdk1.8.0_162.jdk/Contents/Home/jre/lib/ext/cldrdata.jar:/Library/Java/JavaVirtualMachines/jdk1.8.0_162.jdk/Contents/Home/jre/lib/ext/dnsns.jar:/Library/Java/JavaVirtualMachines/jdk1.8.0_162.jdk/Contents/Home/jre/lib/ext/jaccess.jar:/Library/Java/JavaVirtualMachines/jdk1.8.0_162.jdk/Contents/Home/jre/lib/ext/jfxrt.jar:/Library/Java/JavaVirtualMachines/jdk1.8.0_162.jdk/Contents/Home/jre/lib/ext/localedata.jar:/Library/Java/JavaVirtualMachines/jdk1.8.0_162.jdk/Contents/Home/jre/lib/ext/nashorn.jar:/Library/Java/JavaVirtualMachines/jdk1.8.0_162.jdk/Contents/Home/jre/lib/ext/sunec.jar:/Library/Java/JavaVirtualMachines/jdk1.8.0_162.jdk/Contents/Home/jre/lib/ext/sunjce_provider.jar:/Library/Java/JavaVirtualMachines/jdk1.8.0_162.jdk/Contents/Home/jre/lib/ext/sunpkcs11.jar:/Library/Java/JavaVirtualMachines/jdk1.8.0_162.jdk/Contents/Home/jre/lib/ext/zipfs.jar:/System/Library/Java/Extensions/MRJToolkit.jar:/Users/syusuf/Desktop/game dev/Aemora/bin:/Users/syusuf/Desktop/game dev/Aemora/jinput.jar:/Users/syusuf/Desktop/game dev/Aemora/lwjgl_util.jar:/Users/syusuf/Desktop/game dev/Aemora/lwjgl.jar:/Users/syusuf/Desktop/game dev/Aemora/slick.jar
Launcher Type: SUN_STANDARD

Environment Variables:
PATH=/usr/bin:/bin:/usr/sbin:/sbin
SHELL=/bin/bash

Signal Handlers:
SIGSEGV: [libjvm.dylib+0x5b52b5], sa_mask[0]=11111111011111110111111111111111, sa_flags=SA_ONSTACK|SA_RESTART|SA_SIGINFO
SIGBUS: [libjvm.dylib+0x5b52b5], sa_mask[0]=11111111011111110111111111111111, sa_flags=SA_RESTART|SA_SIGINFO
SIGFPE: [libjvm.dylib+0x48ac5c], sa_mask[0]=11111111011111110111111111111111, sa_flags=SA_RESTART|SA_SIGINFO
SIGPIPE: [libjvm.dylib+0x48ac5c], sa_mask[0]=11111111011111110111111111111111, sa_flags=SA_RESTART|SA_SIGINFO
SIGXFSZ: [libjvm.dylib+0x48ac5c], sa_mask[0]=11111111011111110111111111111111, sa_flags=SA_RESTART|SA_SIGINFO
SIGILL: [libjvm.dylib+0x48ac5c], sa_mask[0]=11111111011111110111111111111111, sa_flags=SA_RESTART|SA_SIGINFO
SIGUSR1: SIG_DFL, sa_mask[0]=00000000000000000000000000000000, sa_flags=none
SIGUSR2: [libjvm.dylib+0x48a77a], sa_mask[0]=00100000000000000000000000000000, sa_flags=SA_RESTART|SA_SIGINFO
SIGHUP: [libjvm.dylib+0x488d45], sa_mask[0]=11111111011111110111111111111111, sa_flags=SA_RESTART|SA_SIGINFO
SIGINT: [libjvm.dylib+0x488d45], sa_mask[0]=11111111011111110111111111111111, sa_flags=SA_RESTART|SA_SIGINFO
SIGTERM: [libjvm.dylib+0x488d45], sa_mask[0]=11111111011111110111111111111111, sa_flags=SA_RESTART|SA_SIGINFO
SIGQUIT: [libjvm.dylib+0x488d45], sa_mask[0]=11111111011111110111111111111111, sa_flags=SA_RESTART|SA_SIGINFO


---------------  S Y S T E M  ---------------

OS:Bsduname:Darwin 15.6.0 Darwin Kernel Version 15.6.0: Thu Jun 23 18:25:34 PDT 2016; root:xnu-3248.60.10~1/RELEASE_X86_64 x86_64
rlimit: STACK 8192k, CORE 0k, NPROC 709, NOFILE 10240, AS infinity
load average:2.43 2.23 2.35

CPU:total 4 (initial active 4) (2 cores per cpu, 2 threads per core) family 6 model 61 stepping 4, cmov, cx8, fxsr, mmx, sse, sse2, sse3, ssse3, sse4.1, sse4.2, popcnt, avx, avx2, aes, clmul, erms, 3dnowpref, lzcnt, ht, tsc, tscinvbit, bmi1, bmi2, adx

Memory: 4k page, physical 8388608k(38612k free)

/proc/meminfo:


vm_info: Java HotSpot(TM) 64-Bit Server VM (25.162-b12) for bsd-amd64 JRE (1.8.0_162-b12), built on Dec 19 2017 17:33:35 by "java_re" with gcc 4.2.1 (Based on Apple Inc. build 5658) (LLVM build 2336.11.00)

time: Sat Apr 14 18:51:36 2018
elapsed time: 38 seconds (0d 0h 0m 38s)

